<?xml version="1.0" encoding="UTF-8"?>
<testsuites name="jest tests" tests="1" failures="0" time="12.443">
  <testsuite name="undefined" errors="0" failures="0" skipped="0" timestamp="2020-08-20T19:06:25" time="12.31" tests="1">
    <testcase classname=" renders correctly" name=" renders correctly" time="8.499">
    </testcase>
  </testsuite>
</testsuites>