<?xml version="1.0" encoding="UTF-8"?>
<testsuites name="jest tests" tests="1" failures="0" time="13.061">
  <testsuite name="undefined" errors="0" failures="0" skipped="0" timestamp="2020-08-20T19:00:36" time="12.921" tests="1">
    <testcase classname=" renders correctly" name=" renders correctly" time="8.584">
    </testcase>
  </testsuite>
</testsuites>