<?xml version="1.0" encoding="UTF-8"?>
<testsuites name="jest tests" tests="1" failures="0" time="11.813">
  <testsuite name="undefined" errors="0" failures="0" skipped="0" timestamp="2020-08-20T19:04:19" time="11.673" tests="1">
    <testcase classname=" renders correctly" name=" renders correctly" time="7.797">
    </testcase>
  </testsuite>
</testsuites>