<?xml version="1.0" encoding="UTF-8"?>
<testsuites name="jest tests" tests="1" failures="0" time="14.157">
  <testsuite name="undefined" errors="0" failures="0" skipped="0" timestamp="2020-08-20T18:49:25" time="14.008" tests="1">
    <testcase classname=" renders correctly" name=" renders correctly" time="9.395">
    </testcase>
  </testsuite>
</testsuites>